<?xml version='1.0' encoding='UTF-8'?>
<testsuite hostname="booda-Inspiron-7577" name="com.zackonengineering.oo_file_system.FileSystemBuilderTests" tests="30" errors="0" failures="0" skipped="0" time="0.027" timestamp="2019-06-10T16:22:58">
                     <properties>
[...]
</properties>
                     <testcase classname="com.zackonengineering.oo_file_system.FileSystemBuilderTests" name="Making sure the root directory exists" time="0.009">
                                                 
                                               </testcase><testcase classname="com.zackonengineering.oo_file_system.FileSystemBuilderTests" name="Exceptions is throw with invalid type creation" time="0.001">
                                                 
                                               </testcase><testcase classname="com.zackonengineering.oo_file_system.FileSystemBuilderTests" name="Adding a drive with a path" time="0.001">
                                                 
                                               </testcase><testcase classname="com.zackonengineering.oo_file_system.FileSystemBuilderTests" name="Adding a drive without a path" time="0.001">
                                                 
                                               </testcase><testcase classname="com.zackonengineering.oo_file_system.FileSystemBuilderTests" name="Can't add a drive to another entity" time="0.0">
                                                 
                                               </testcase><testcase classname="com.zackonengineering.oo_file_system.FileSystemBuilderTests" name="Directory can be created" time="0.0">
                                                 
                                               </testcase><testcase classname="com.zackonengineering.oo_file_system.FileSystemBuilderTests" name="Directory cannot be top level and must be contained within another Entity" time="0.0">
                                                 
                                               </testcase><testcase classname="com.zackonengineering.oo_file_system.FileSystemBuilderTests" name="Zip can be created" time="0.0">
                                                 
                                               </testcase><testcase classname="com.zackonengineering.oo_file_system.FileSystemBuilderTests" name="Zip cannot be top level and must be contained within another Entity" time="0.0">
                                                 
                                               </testcase><testcase classname="com.zackonengineering.oo_file_system.FileSystemBuilderTests" name="File can be created" time="0.001">
                                                 
                                               </testcase><testcase classname="com.zackonengineering.oo_file_system.FileSystemBuilderTests" name="File cannot be top level and must be contained within another Entity" time="0.0">
                                                 
                                               </testcase><testcase classname="com.zackonengineering.oo_file_system.FileSystemBuilderTests" name="File cannot contain any other entities" time="0.001">
                                                 
                                               </testcase><testcase classname="com.zackonengineering.oo_file_system.FileSystemBuilderTests" name="Nothing can be created without an existing parent entity" time="0.001">
                                                 
                                               </testcase><testcase classname="com.zackonengineering.oo_file_system.FileSystemBuilderTests" name="Writing to a file works" time="0.002">
                                                 
                                               </testcase><testcase classname="com.zackonengineering.oo_file_system.FileSystemBuilderTests" name="You cannot write to a Drive" time="0.001">
                                                 
                                               </testcase><testcase classname="com.zackonengineering.oo_file_system.FileSystemBuilderTests" name="You cannot write to a directory" time="0.0">
                                                 
                                               </testcase><testcase classname="com.zackonengineering.oo_file_system.FileSystemBuilderTests" name="You cannot write to a zip" time="0.001">
                                                 
                                               </testcase><testcase classname="com.zackonengineering.oo_file_system.FileSystemBuilderTests" name="When you write to a file in a zip folder the size decreases by half" time="0.0">
                                                 
                                               </testcase><testcase classname="com.zackonengineering.oo_file_system.FileSystemBuilderTests" name="Can't write to a file that doesn't exist" time="0.0">
                                                 
                                               </testcase><testcase classname="com.zackonengineering.oo_file_system.FileSystemBuilderTests" name="Move doesn't work if old path doesn't exist" time="0.0">
                                                 
                                               </testcase><testcase classname="com.zackonengineering.oo_file_system.FileSystemBuilderTests" name="Move doesn't work when the new path doesn't exist" time="0.0">
                                                 
                                               </testcase><testcase classname="com.zackonengineering.oo_file_system.FileSystemBuilderTests" name="Move won't overwrite a file" time="0.0">
                                                 
                                               </testcase><testcase classname="com.zackonengineering.oo_file_system.FileSystemBuilderTests" name="Move works properly" time="0.001">
                                                 
                                               </testcase><testcase classname="com.zackonengineering.oo_file_system.FileSystemBuilderTests" name="Move works properly out of zip files" time="0.001">
                                                 
                                               </testcase><testcase classname="com.zackonengineering.oo_file_system.FileSystemBuilderTests" name="Move works properly into zip files" time="0.001">
                                                 
                                               </testcase><testcase classname="com.zackonengineering.oo_file_system.FileSystemBuilderTests" name="Cannot delete path that doesn't exist" time="0.0">
                                                 
                                               </testcase><testcase classname="com.zackonengineering.oo_file_system.FileSystemBuilderTests" name="Delete works" time="0.002">
                                                 
                                               </testcase><testcase classname="com.zackonengineering.oo_file_system.FileSystemBuilderTests" name="Deletes child directories" time="0.001">
                                                 
                                               </testcase><testcase classname="com.zackonengineering.oo_file_system.FileSystemBuilderTests" name="Delete updates the size properly without zip files" time="0.001">
                                                 
                                               </testcase><testcase classname="com.zackonengineering.oo_file_system.FileSystemBuilderTests" name="Delete updates the size properly with zip files" time="0.001">
                                                 
                                               </testcase>
                     <system-out><![CDATA[]]></system-out>
                     <system-err><![CDATA[]]></system-err>
                   </testsuite>